<?xml version="1.0" encoding="UTF-8"?>
<!-- Generated by org.testng.reporters.JUnitReportReporter -->
<testsuite hostname="Home-PC" name="com.ColorsApplicationTest.TestColorsApp" tests="1" failures="0" timestamp="6 Jan 2016 23:45:21 GMT" time="17.635" errors="0">
  <testcase name="testColor" time="17.635" classname="com.ColorsApplicationTest.TestColorsApp"/>
</testsuite> <!-- com.ColorsApplicationTest.TestColorsApp -->
