<?xml version="1.0" encoding="UTF-8"?>
<!-- Generated by org.testng.reporters.JUnitReportReporter -->
<testsuite hostname="Home-PC" name="com.inputs.training.MenuBeginnersBook" tests="1" failures="0" timestamp="23 Dec 2015 01:12:42 GMT" time="0.556" errors="0">
  <testcase name="dropdownMenu" time="0.556" classname="com.inputs.training.MenuBeginnersBook"/>
</testsuite> <!-- com.inputs.training.MenuBeginnersBook -->
