<?xml version="1.0" encoding="UTF-8"?>
<!-- Generated by org.testng.reporters.JUnitReportReporter -->
<testsuite hostname="Home-PC" name="com.inputs.training.TestListener" tests="1" failures="0" timestamp="21 Dec 2015 21:04:17 GMT" time="3.480" errors="0">
  <testcase name="testBackButton" time="3.480" classname="com.inputs.training.TestListener"/>
</testsuite> <!-- com.inputs.training.TestListener -->
