<?xml version="1.0" encoding="UTF-8"?>
<!-- Generated by org.testng.reporters.JUnitReportReporter -->
<testsuite hostname="Home-PC" name="com.inputs.training.MouseMovementsTimesOfIndia" tests="1" failures="0" timestamp="22 Dec 2015 20:28:09 GMT" time="0.594" errors="0">
  <testcase name="mouseMoveAndRightClick" time="0.594" classname="com.inputs.training.MouseMovementsTimesOfIndia"/>
</testsuite> <!-- com.inputs.training.MouseMovementsTimesOfIndia -->
