<?xml version="1.0" encoding="UTF-8"?>
<!-- Generated by org.testng.reporters.JUnitReportReporter -->
<testsuite hostname="Home-PC" name="com.inputs.training.CalendarMakemytrip" tests="1" failures="0" timestamp="11 Dec 2015 23:27:04 GMT" time="1.747" errors="0">
  <testcase name="selectDateInMakeMyTrip" time="1.747" classname="com.inputs.training.CalendarMakemytrip"/>
</testsuite> <!-- com.inputs.training.CalendarMakemytrip -->
