<?xml version="1.0" encoding="UTF-8"?>
<!-- Generated by org.testng.reporters.JUnitReportReporter -->
<testsuite hostname="Home-PC" name="com.inputs.training.Javascript" tests="1" failures="0" timestamp="23 Dec 2015 02:30:46 GMT" time="0.087" errors="0">
  <testcase name="TestJavascript" time="0.087" classname="com.inputs.training.Javascript"/>
</testsuite> <!-- com.inputs.training.Javascript -->
