<?xml version="1.0" encoding="UTF-8"?>
<!-- Generated by org.testng.reporters.JUnitReportReporter -->
<testsuite hostname="Home-PC" name="com.americangolf.www.VerifyBrandsFound" tests="1" failures="0" timestamp="9 Dec 2015 01:03:37 GMT" time="0.359" errors="0">
  <testcase name="verifyBrandsFound" time="0.359" classname="com.americangolf.www.VerifyBrandsFound"/>
</testsuite> <!-- com.americangolf.www.VerifyBrandsFound -->
