<?xml version="1.0" encoding="UTF-8"?>
<!-- Generated by org.testng.reporters.JUnitReportReporter -->
<testsuite hostname="Home-PC" name="com.salesforce.home.Page1" tests="1" failures="0" timestamp="7 Dec 2015 23:16:40 GMT" time="0.338" errors="0">
  <testcase name="sidePanel" time="0.338" classname="com.salesforce.home.Page1"/>
</testsuite> <!-- com.salesforce.home.Page1 -->
