<?xml version="1.0" encoding="UTF-8"?>
<!-- Generated by org.testng.reporters.JUnitReportReporter -->
<testsuite hostname="Home-PC" name="com.espncricinfo.www.TestTotalScore" tests="1" failures="0" timestamp="9 Dec 2015 02:33:38 GMT" time="1.479" errors="0">
  <testcase name="testTotalScore" time="1.479" classname="com.espncricinfo.www.TestTotalScore"/>
</testsuite> <!-- com.espncricinfo.www.TestTotalScore -->
