<?xml version="1.0" encoding="UTF-8"?>
<!-- Generated by org.testng.reporters.JUnitReportReporter -->
<testsuite hostname="Home-PC" name="com.jobserve.home.SelectIndustry" tests="1" failures="0" timestamp="8 Dec 2015 16:03:01 GMT" time="6.494" errors="0">
  <testcase name="selectIndustry" time="6.494" classname="com.jobserve.home.SelectIndustry"/>
</testsuite> <!-- com.jobserve.home.SelectIndustry -->
