<?xml version="1.0" encoding="UTF-8"?>
<!-- Generated by org.testng.reporters.JUnitReportReporter -->
<testsuite hostname="Home-PC" name="com.inputs.training.Waits" tests="1" failures="0" timestamp="9 Dec 2015 20:13:16 GMT" time="3.441" errors="0">
  <testcase name="timingAlertTest" time="3.441" classname="com.inputs.training.Waits"/>
</testsuite> <!-- com.inputs.training.Waits -->
