<?xml version="1.0" encoding="UTF-8"?>
<!-- Generated by org.testng.reporters.JUnitReportReporter -->
<testsuite hostname="Home-PC" name="com.salesforce.home.SalesforceLogin" tests="1" failures="0" timestamp="9 Dec 2015 03:10:39 GMT" time="38.534" errors="0">
  <testcase name="testLogin" time="38.534" classname="com.salesforce.home.SalesforceLogin"/>
</testsuite> <!-- com.salesforce.home.SalesforceLogin -->
