<?xml version="1.0" encoding="UTF-8"?>
<!-- Generated by org.testng.reporters.JUnitReportReporter -->
<testsuite hostname="Home-PC" name="com.inputs.training.PaytmFrames" tests="1" failures="0" timestamp="16 Dec 2015 23:49:27 GMT" time="11.331" errors="0">
  <testcase name="testFrames" time="11.331" classname="com.inputs.training.PaytmFrames"/>
</testsuite> <!-- com.inputs.training.PaytmFrames -->
