<?xml version="1.0" encoding="UTF-8"?>
<!-- Generated by org.testng.reporters.JUnitReportReporter -->
<testsuite hostname="Home-PC" name="com.inputs.training.FileDownload" tests="1" failures="0" timestamp="21 Dec 2015 19:55:17 GMT" time="1.469" errors="0">
  <testcase name="downloadFiles" time="1.469" classname="com.inputs.training.FileDownload"/>
</testsuite> <!-- com.inputs.training.FileDownload -->
