<?xml version="1.0" encoding="UTF-8"?>
<!-- Generated by org.testng.reporters.JUnitReportReporter -->
<testsuite hostname="Home-PC" name="com.inputs.training.RediffJavascriptAlert" tests="1" failures="0" timestamp="21 Dec 2015 18:36:23 GMT" time="0.429" errors="0">
  <testcase name="testAlert" time="0.429" classname="com.inputs.training.RediffJavascriptAlert"/>
</testsuite> <!-- com.inputs.training.RediffJavascriptAlert -->
