<?xml version="1.0" encoding="UTF-8"?>
<!-- Generated by org.testng.reporters.JUnitReportReporter -->
<testsuite hostname="Home-PC" name="com.inputs.training.DraggableJQueryui" tests="1" failures="0" timestamp="21 Dec 2015 19:07:44 GMT" time="0.935" errors="0">
  <testcase name="testDraggableObject" time="0.935" classname="com.inputs.training.DraggableJQueryui"/>
</testsuite> <!-- com.inputs.training.DraggableJQueryui -->
