<?xml version="1.0" encoding="UTF-8"?>
<!-- Generated by org.testng.reporters.JUnitReportReporter -->
<testsuite hostname="Home-PC" name="com.americangolf.www.MouseMovements" tests="1" failures="0" timestamp="10 Dec 2015 20:57:31 GMT" time="4.082" errors="0">
  <testcase name="clickGolf" time="4.082" classname="com.americangolf.www.MouseMovements"/>
</testsuite> <!-- com.americangolf.www.MouseMovements -->
