<?xml version="1.0" encoding="UTF-8"?>
<!-- Generated by org.testng.reporters.JUnitReportReporter -->
<testsuite hostname="Home-PC" name="com.google.www.AutoSuggest" tests="1" failures="0" timestamp="14 Dec 2015 23:28:06 GMT" time="0.625" errors="0">
  <testcase name="testAutoSuggest" time="0.625" classname="com.google.www.AutoSuggest"/>
</testsuite> <!-- com.google.www.AutoSuggest -->
