<?xml version="1.0" encoding="UTF-8"?>
<!-- Generated by org.testng.reporters.JUnitReportReporter -->
<testsuite hostname="Home-PC" name="com.inputs.training.FileUpload" tests="1" failures="0" timestamp="14 Dec 2015 18:37:28 GMT" time="0.273" errors="0">
  <testcase name="testFileUpload" time="0.273" classname="com.inputs.training.FileUpload"/>
</testsuite> <!-- com.inputs.training.FileUpload -->
