<?xml version="1.0" encoding="UTF-8"?>
<!-- Generated by org.testng.reporters.JUnitReportReporter -->
<testsuite hostname="Home-PC" name="com.inputs.training.WebTables" tests="1" failures="0" timestamp="10 Dec 2015 23:20:43 GMT" time="20.634" errors="0">
  <testcase name="webTableExtraction" time="20.634" classname="com.inputs.training.WebTables"/>
</testsuite> <!-- com.inputs.training.WebTables -->
